<?xml version="1.0" encoding="utf-8"?><testsuites name="pytest tests"><testsuite name="pytest" errors="0" failures="0" skipped="0" tests="13" time="2.366" timestamp="2026-03-31T16:28:38.396854+00:00" hostname="agent-env-650a0816-636a-4d47-810e-0d7904c6f50a"><testcase classname="backend.tests.test_events.TestEventCRUD" name="test_get_events_list" time="0.596" /><testcase classname="backend.tests.test_events.TestEventCRUD" name="test_create_event_with_fine" time="0.119" /><testcase classname="backend.tests.test_events.TestEventCRUD" name="test_create_event_without_fine" time="0.064" /><testcase classname="backend.tests.test_events.TestEventCRUD" name="test_update_event" time="0.164" /><testcase classname="backend.tests.test_events.TestEventCRUD" name="test_delete_event" time="0.166" /><testcase classname="backend.tests.test_events.TestEventResponseStats" name="test_event_has_response_stats" time="0.050" /><testcase classname="backend.tests.test_events.TestEventResponseStats" name="test_event_has_response_open_flag" time="0.055" /><testcase classname="backend.tests.test_events.TestEventFineTypeIntegration" name="test_event_creates_fine_type" time="0.183" /><testcase classname="backend.tests.test_events.TestEventFineTypeIntegration" name="test_delete_event_removes_fine_type" time="0.218" /><testcase classname="backend.tests.test_events.TestEventRSVP" name="test_rsvp_requires_member_id" time="0.098" /><testcase classname="backend.tests.test_events.TestEventRSVP" name="test_rsvp_invalid_response" time="0.189" /><testcase classname="backend.tests.test_events.TestExistingEvents" name="test_seed_events_exist" time="0.055" /><testcase classname="backend.tests.test_events.TestCleanup" name="test_cleanup_test_events" time="0.220" /></testsuite></testsuites>