<?xml version="1.0" encoding="utf-8"?><testsuites name="pytest tests"><testsuite name="pytest" errors="0" failures="0" skipped="0" tests="10" time="7.849" timestamp="2026-04-01T15:06:38.921247+00:00" hostname="agent-env-650a0816-636a-4d47-810e-0d7904c6f50a"><testcase classname="backend.tests.test_event_fine_type.TestEventCreateWithFineType" name="test_create_event_with_fine_type_id" time="1.025" /><testcase classname="backend.tests.test_event_fine_type.TestEventCreateWithFineType" name="test_create_event_without_fine_type_id" time="0.410" /><testcase classname="backend.tests.test_event_fine_type.TestEventCreateWithFineType" name="test_create_event_with_invalid_fine_type_id" time="0.116" /><testcase classname="backend.tests.test_event_fine_type.TestEventUpdateWithFineType" name="test_update_event_with_fine_type_id" time="1.204" /><testcase classname="backend.tests.test_event_fine_type.TestEventUpdateWithFineType" name="test_update_event_with_invalid_fine_type_id" time="0.390" /><testcase classname="backend.tests.test_event_fine_type.TestEventFineToggle" name="test_toggle_fine_activate_with_fine_type_id" time="1.338" /><testcase classname="backend.tests.test_event_fine_type.TestEventFineToggle" name="test_toggle_fine_deactivate_without_body" time="2.427" /><testcase classname="backend.tests.test_event_fine_type.TestEventFineToggle" name="test_toggle_fine_activate_without_fine_type_id_fails" time="0.394" /><testcase classname="backend.tests.test_event_fine_type.TestEventFineToggle" name="test_toggle_fine_with_invalid_fine_type_id" time="0.388" /><testcase classname="backend.tests.test_event_fine_type.TestFineTypesEndpoint" name="test_get_fine_types" time="0.105" /></testsuite></testsuites>