<?xml version="1.0" encoding="utf-8"?><testsuites name="pytest tests"><testsuite name="pytest" errors="0" failures="0" skipped="0" tests="18" time="5.398" timestamp="2026-04-01T14:20:23.956529+00:00" hostname="agent-env-650a0816-636a-4d47-810e-0d7904c6f50a"><testcase classname="backend.tests.test_ics_sync.TestICSSettings" name="test_get_ics_settings_admin" time="0.653" /><testcase classname="backend.tests.test_ics_sync.TestICSSettings" name="test_get_ics_settings_unauthorized" time="0.108" /><testcase classname="backend.tests.test_ics_sync.TestICSSettings" name="test_update_ics_settings_admin" time="0.556" /><testcase classname="backend.tests.test_ics_sync.TestICSSettings" name="test_update_ics_settings_partial" time="0.116" /><testcase classname="backend.tests.test_ics_sync.TestICSSync" name="test_manual_sync_admin" time="0.674" /><testcase classname="backend.tests.test_ics_sync.TestICSSync" name="test_manual_sync_unauthorized" time="0.098" /><testcase classname="backend.tests.test_ics_sync.TestICSEventsInList" name="test_events_list_contains_ics_events" time="0.116" /><testcase classname="backend.tests.test_ics_sync.TestICSEventsInList" name="test_ics_events_have_fine_disabled_by_default" time="0.139" /><testcase classname="backend.tests.test_ics_sync.TestFineToggle" name="test_toggle_fine_on_ics_event" time="0.359" /><testcase classname="backend.tests.test_ics_sync.TestFineToggle" name="test_toggle_fine_creates_fine_type" time="0.763" /><testcase classname="backend.tests.test_ics_sync.TestFineToggle" name="test_toggle_fine_unauthorized" time="0.248" /><testcase classname="backend.tests.test_ics_sync.TestFineToggle" name="test_toggle_fine_not_found" time="0.108" /><testcase classname="backend.tests.test_ics_sync.TestManualEventsStillWork" name="test_create_manual_event" time="0.437" /><testcase classname="backend.tests.test_ics_sync.TestExistingFeaturesStillWork" name="test_login_works" time="0.369" /><testcase classname="backend.tests.test_ics_sync.TestExistingFeaturesStillWork" name="test_members_endpoint" time="0.104" /><testcase classname="backend.tests.test_ics_sync.TestExistingFeaturesStillWork" name="test_fines_endpoint" time="0.156" /><testcase classname="backend.tests.test_ics_sync.TestExistingFeaturesStillWork" name="test_statistics_endpoint" time="0.130" /><testcase classname="backend.tests.test_ics_sync.TestExistingFeaturesStillWork" name="test_events_list" time="0.143" /></testsuite></testsuites>