<?xml version="1.0" encoding="utf-8"?><testsuites name="pytest tests"><testsuite name="pytest" errors="0" failures="0" skipped="0" tests="16" time="15.972" timestamp="2026-04-01T18:03:14.392907+00:00" hostname="agent-env-650a0816-636a-4d47-810e-0d7904c6f50a"><testcase classname="backend.tests.test_member_access.TestGetMembersWithUserInfo" name="test_members_list_includes_user_info_field" time="0.699" /><testcase classname="backend.tests.test_member_access.TestEnableMemberAccess" name="test_enable_access_creates_user" time="1.067" /><testcase classname="backend.tests.test_member_access.TestEnableMemberAccess" name="test_enable_access_rejects_duplicate_username" time="1.341" /><testcase classname="backend.tests.test_member_access.TestEnableMemberAccess" name="test_enable_access_rejects_weak_password_short" time="2.721" /><testcase classname="backend.tests.test_member_access.TestEnableMemberAccess" name="test_enable_access_rejects_weak_password_no_number" time="0.643" /><testcase classname="backend.tests.test_member_access.TestEnableMemberAccess" name="test_enable_access_rejects_admin_role" time="0.631" /><testcase classname="backend.tests.test_member_access.TestEnableMemberAccess" name="test_enable_access_accepts_spiess_role" time="0.833" /><testcase classname="backend.tests.test_member_access.TestEnableMemberAccess" name="test_enable_access_accepts_vorstand_role" time="0.783" /><testcase classname="backend.tests.test_member_access.TestDisableMemberAccess" name="test_disable_access_removes_user" time="1.366" /><testcase classname="backend.tests.test_member_access.TestDisableMemberAccess" name="test_disable_access_returns_404_if_no_access" time="0.562" /><testcase classname="backend.tests.test_member_access.TestUpdateMemberAccess" name="test_update_access_changes_username" time="0.981" /><testcase classname="backend.tests.test_member_access.TestUpdateMemberAccess" name="test_update_access_changes_role" time="1.038" /><testcase classname="backend.tests.test_member_access.TestUpdateMemberAccess" name="test_update_access_rejects_admin_role" time="0.865" /><testcase classname="backend.tests.test_member_access.TestUpdateMemberAccess" name="test_update_access_changes_password" time="1.601" /><testcase classname="backend.tests.test_member_access.TestUpdateMemberAccess" name="test_update_access_returns_404_if_no_access" time="0.602" /><testcase classname="backend.tests.test_member_access.TestUsersRouteRedirect" name="test_users_api_still_works" time="0.127" /></testsuite></testsuites>