<?xml version="1.0" encoding="utf-8"?><testsuites name="pytest tests"><testsuite name="pytest" errors="0" failures="1" skipped="0" tests="25" time="8.401" timestamp="2026-03-30T16:47:18.993705+00:00" hostname="agent-env-650a0816-636a-4d47-810e-0d7904c6f50a"><testcase classname="backend.tests.test_performance_optimizations.TestAuthEndpoints" name="test_login_success" time="0.523" /><testcase classname="backend.tests.test_performance_optimizations.TestAuthEndpoints" name="test_login_invalid_credentials" time="0.136" /><testcase classname="backend.tests.test_performance_optimizations.TestFiscalYearsEndpoint" name="test_get_fiscal_years" time="0.518" /><testcase classname="backend.tests.test_performance_optimizations.TestMembersEndpoints" name="test_get_members" time="0.113" /><testcase classname="backend.tests.test_performance_optimizations.TestMembersEndpoints" name="test_create_member" time="0.130" /><testcase classname="backend.tests.test_performance_optimizations.TestMembersEndpoints" name="test_update_member" time="0.273" /><testcase classname="backend.tests.test_performance_optimizations.TestMembersEndpoints" name="test_archive_member" time="0.270" /><testcase classname="backend.tests.test_performance_optimizations.TestFineTypesEndpoints" name="test_get_fine_types" time="0.119" /><testcase classname="backend.tests.test_performance_optimizations.TestFineTypesEndpoints" name="test_create_fine_type" time="0.185" /><testcase classname="backend.tests.test_performance_optimizations.TestFineTypesEndpoints" name="test_update_fine_type_bug_fix" time="0.397" /><testcase classname="backend.tests.test_performance_optimizations.TestFineTypesEndpoints" name="test_delete_fine_type" time="0.287" /><testcase classname="backend.tests.test_performance_optimizations.TestFinesEndpoints" name="test_get_fines_with_fiscal_year" time="0.225" /><testcase classname="backend.tests.test_performance_optimizations.TestFinesEndpoints" name="test_create_fine_without_date" time="0.404" /><testcase classname="backend.tests.test_performance_optimizations.TestFinesEndpoints" name="test_create_fine_with_retroactive_date" time="0.108" /><testcase classname="backend.tests.test_performance_optimizations.TestFinesEndpoints" name="test_update_fine" time="0.256" /><testcase classname="backend.tests.test_performance_optimizations.TestFinesEndpoints" name="test_delete_fine" time="0.222" /><testcase classname="backend.tests.test_performance_optimizations.TestStatisticsEndpoints" name="test_get_statistics_with_aggregation" time="0.113" /><testcase classname="backend.tests.test_performance_optimizations.TestStatisticsEndpoints" name="test_get_personal_statistics" time="0.165" /><testcase classname="backend.tests.test_performance_optimizations.TestStatisticsEndpoints" name="test_statistics_ranking_structure" time="0.120" /><testcase classname="backend.tests.test_performance_optimizations.TestUserManagementEndpoints" name="test_get_users" time="0.099" /><testcase classname="backend.tests.test_performance_optimizations.TestUserManagementEndpoints" name="test_create_and_delete_user" time="0.471" /><testcase classname="backend.tests.test_performance_optimizations.TestUserManagementEndpoints" name="test_reset_password" time="0.813" /><testcase classname="backend.tests.test_performance_optimizations.TestAuditLogsEndpoint" name="test_get_audit_logs" time="0.128" /><testcase classname="backend.tests.test_performance_optimizations.TestAuditLogsEndpoint" name="test_audit_logs_structure" time="0.126" /><testcase classname="backend.tests.test_performance_optimizations.TestHealthEndpoint" name="test_health_check" time="2.014"><failure message="requests.exceptions.JSONDecodeError: Expecting value: line 1 column 1 (char 0)">/root/.venv/lib/python3.11/site-packages/requests/models.py:976: in json
    return complexjson.loads(self.text, **kwargs)
           ^^^^^^^^^^^^^^^^^^^^^^^^^^^^^^^^^^^^^^
/usr/local/lib/python3.11/json/__init__.py:346: in loads
    return _default_decoder.decode(s)
           ^^^^^^^^^^^^^^^^^^^^^^^^^^
/usr/local/lib/python3.11/json/decoder.py:337: in decode
    obj, end = self.raw_decode(s, idx=_w(s, 0).end())
               ^^^^^^^^^^^^^^^^^^^^^^^^^^^^^^^^^^^^^^
/usr/local/lib/python3.11/json/decoder.py:355: in raw_decode
    raise JSONDecodeError("Expecting value", s, err.value) from None
E   json.decoder.JSONDecodeError: Expecting value: line 1 column 1 (char 0)

During handling of the above exception, another exception occurred:
backend/tests/test_performance_optimizations.py:452: in test_health_check
    data = response.json()
           ^^^^^^^^^^^^^^^
/root/.venv/lib/python3.11/site-packages/requests/models.py:980: in json
    raise RequestsJSONDecodeError(e.msg, e.doc, e.pos)
E   requests.exceptions.JSONDecodeError: Expecting value: line 1 column 1 (char 0)</failure></testcase></testsuite></testsuites>