<?xml version="1.0" encoding="utf-8"?><testsuites name="pytest tests"><testsuite name="pytest" errors="0" failures="0" skipped="0" tests="12" time="5.671" timestamp="2026-04-07T18:12:53.815792+00:00" hostname="agent-env-650a0816-636a-4d47-810e-0d7904c6f50a"><testcase classname="backend.tests.test_avatar_upload.TestAvatarUploadValidFormats" name="test_upload_valid_jpeg" time="0.936" /><testcase classname="backend.tests.test_avatar_upload.TestAvatarUploadValidFormats" name="test_upload_valid_png" time="0.243" /><testcase classname="backend.tests.test_avatar_upload.TestAvatarUploadInvalidFormats" name="test_reject_webp_client_mime" time="0.216" /><testcase classname="backend.tests.test_avatar_upload.TestAvatarUploadInvalidFormats" name="test_reject_gif_client_mime" time="0.140" /><testcase classname="backend.tests.test_avatar_upload.TestAvatarUploadInvalidFormats" name="test_reject_spoofed_mime_magic_bytes" time="0.119" /><testcase classname="backend.tests.test_avatar_upload.TestAvatarUploadSizeLimits" name="test_reject_file_over_5mb" time="0.641" /><testcase classname="backend.tests.test_avatar_upload.TestAvatarUploadSizeLimits" name="test_reject_empty_file" time="0.101" /><testcase classname="backend.tests.test_avatar_upload.TestAvatarCompression" name="test_large_image_compressed_to_512px" time="1.540" /><testcase classname="backend.tests.test_avatar_upload.TestAvatarRetrieval" name="test_retrieve_uploaded_avatar" time="0.543" /><testcase classname="backend.tests.test_avatar_upload.TestAvatarNoMemberProfile" name="test_admin_upload_rejected_no_member" time="0.466" /><testcase classname="backend.tests.test_avatar_upload.TestProfileEndpoints" name="test_profile_loads_with_avatar" time="0.116" /><testcase classname="backend.tests.test_avatar_upload.TestProfileEndpoints" name="test_profile_save_name_birthday" time="0.529" /></testsuite></testsuites>