<?xml version="1.0" encoding="utf-8"?><testsuites name="pytest tests"><testsuite name="pytest" errors="2" failures="0" skipped="0" tests="13" time="9.871" timestamp="2026-04-08T12:44:35.479801+00:00" hostname="agent-env-650a0816-636a-4d47-810e-0d7904c6f50a"><testcase classname="backend.tests.test_vorstand_fines.TestAuth" name="test_admin_login" time="0.771" /><testcase classname="backend.tests.test_vorstand_fines.TestAuth" name="test_vorstand_login" time="0.337" /><testcase classname="backend.tests.test_vorstand_fines.TestAuth" name="test_spiess_login" time="0.329" /><testcase classname="backend.tests.test_vorstand_fines.TestEligibleMembers" name="test_admin_gets_all_active_members" time="0.537" /><testcase classname="backend.tests.test_vorstand_fines.TestEligibleMembers" name="test_spiess_gets_all_active_members" time="0.550" /><testcase classname="backend.tests.test_vorstand_fines.TestEligibleMembers" name="test_vorstand_gets_only_spiess_vorstand_members" time="0.876" /><testcase classname="backend.tests.test_vorstand_fines.TestVorstandFineCreation" name="test_vorstand_can_create_fine_for_eligible_member" time="1.314" /><testcase classname="backend.tests.test_vorstand_fines.TestVorstandFineCreation" name="test_vorstand_cannot_create_fine_for_mitglied" time="1.109" /><testcase classname="backend.tests.test_vorstand_fines.TestVorstandFineVisibility" name="test_vorstand_sees_spiess_vorstand_fines" time="0.900" /><testcase classname="backend.tests.test_vorstand_fines.TestVorstandCannotEditDelete" name="test_vorstand_cannot_edit_fine" time="1.183" /><testcase classname="backend.tests.test_vorstand_fines.TestVorstandCannotEditDelete" name="test_vorstand_cannot_delete_fine" time="1.609" /><testcase classname="backend.tests.test_vorstand_fines.TestVorstandCannotEditDelete" name="test_spiess_can_edit_fine" time="0.112"><error message="failed on setup with &quot;KeyError: 'token'&quot;">backend/tests/test_vorstand_fines.py:305: in spiess_token
    return response.json()["token"]
           ^^^^^^^^^^^^^^^^^^^^^^^^
E   KeyError: 'token'</error></testcase><testcase classname="backend.tests.test_vorstand_fines.TestVorstandCannotEditDelete" name="test_admin_can_delete_fine" time="0.098"><error message="failed on setup with &quot;KeyError: 'token'&quot;">backend/tests/test_vorstand_fines.py:295: in admin_token
    return response.json()["token"]
           ^^^^^^^^^^^^^^^^^^^^^^^^
E   KeyError: 'token'</error></testcase></testsuite></testsuites>