<?xml version="1.0" encoding="utf-8"?><testsuites name="pytest tests"><testsuite name="pytest" errors="0" failures="0" skipped="0" tests="13" time="7.145" timestamp="2026-04-01T19:10:38.982721+00:00" hostname="agent-env-650a0816-636a-4d47-810e-0d7904c6f50a"><testcase classname="backend.tests.test_rbac.TestRBACBackend" name="test_mitglied_sees_only_own_fines" time="1.828" /><testcase classname="backend.tests.test_rbac.TestRBACBackend" name="test_admin_sees_all_fines" time="0.145" /><testcase classname="backend.tests.test_rbac.TestRBACBackend" name="test_mitglied_cannot_access_statistics" time="0.232" /><testcase classname="backend.tests.test_rbac.TestRBACBackend" name="test_admin_can_access_statistics" time="0.227" /><testcase classname="backend.tests.test_rbac.TestRBACBackend" name="test_mitglied_can_access_personal_statistics" time="0.205" /><testcase classname="backend.tests.test_rbac.TestRBACBackend" name="test_admin_can_access_personal_statistics" time="0.256" /><testcase classname="backend.tests.test_rbac.TestRBACBackend" name="test_vorstand_can_access_statistics" time="1.094" /><testcase classname="backend.tests.test_rbac.TestRBACBackend" name="test_vorstand_can_access_personal_statistics" time="0.274" /><testcase classname="backend.tests.test_rbac.TestRBACBackend" name="test_vorstand_sees_only_own_fines" time="0.149" /><testcase classname="backend.tests.test_rbac.TestRBACBackend" name="test_spiess_can_access_statistics" time="1.146" /><testcase classname="backend.tests.test_rbac.TestRBACBackend" name="test_spiess_sees_all_fines" time="0.927" /><testcase classname="backend.tests.test_rbac.TestSettingsEndpoints" name="test_admin_can_access_ics_settings" time="0.440" /><testcase classname="backend.tests.test_rbac.TestSettingsEndpoints" name="test_admin_can_update_ics_settings" time="0.113" /></testsuite></testsuites>